# This is a sample grub.conf for use with Genkernel, per the Gentoo handbook
# http://www.gentoo.org/doc/en/handbook/handbook-x86.xml?part=1&chap=10#doc_chap2
# If you are not using Genkernel and you need help creating this file, you
# should consult the handbook. Alternatively, consult the grub.conf.sample that
# is included with the Grub documentation.

default 0
timeout 3
#splashimage=(hd0,0)/boot/grub/splash.xpm.gz

#title Gentoo Linux 2.6.24-r5
#root (hd0,0)
#kernel /boot/kernel-genkernel-x86-2.6.24-gentoo-r5 root=/dev/ram0 real_root=/dev/sda3
#initrd /boot/initramfs-genkernel-x86-2.6.24-gentoo-r5

title Win8 PE
	root (hd0,1)
     map --mem /iso/deepinxp_pe.iso (hd32)
     map --hook
     chainloader (hd32)     

# title WinXP PE
# 	root (hd0,1)
#      map --mem /win8_pe.iso (hd32)
#      map --hook
#      chainloader (hd32)     

title Windows 7 installer
	root (hd0,1)
     chainloader /bootmgr
